<?xml version="1.0" encoding="UTF-8"?>
<testsuites name="jest tests" tests="18" failures="0" errors="0" time="28.458">
  <testsuite name="undefined" errors="0" failures="0" skipped="0" timestamp="2022-03-07T02:47:12" time="7.694" tests="1">
    <testcase classname=" webhook server" name=" webhook server" time="0.692">
    </testcase>
  </testsuite>
  <testsuite name="undefined" errors="0" failures="0" skipped="0" timestamp="2022-03-07T02:47:12" time="9.272" tests="3">
    <testcase classname=" quick start" name=" quick start" time="0.669">
    </testcase>
    <testcase classname=" fetch setup" name=" fetch setup" time="0.656">
    </testcase>
    <testcase classname=" controller use" name=" controller use" time="1.013">
    </testcase>
  </testsuite>
  <testsuite name="different ways to import and instantiate a MailSlurp client" errors="0" failures="0" skipped="0" timestamp="2022-03-07T02:47:12" time="13.007" tests="4">
    <testcase classname="different ways to import and instantiate a MailSlurp client a standard client can be instantiated by importing/requiring the default MailSlurp class" name="different ways to import and instantiate a MailSlurp client a standard client can be instantiated by importing/requiring the default MailSlurp class" time="0.003">
    </testcase>
    <testcase classname="different ways to import and instantiate a MailSlurp client the standard client doesn&apos;t have all functions so importing individual api controllers is recommended" name="different ways to import and instantiate a MailSlurp client the standard client doesn&apos;t have all functions so importing individual api controllers is recommended" time="0">
    </testcase>
    <testcase classname="common usage patterns using default client can create inboxes" name="common usage patterns using default client can create inboxes" time="2.318">
    </testcase>
    <testcase classname="using controller instances for more features can wait for emails" name="using controller instances for more features can wait for emails" time="3.771">
    </testcase>
  </testsuite>
  <testsuite name="wait for" errors="0" failures="0" skipped="0" timestamp="2022-03-07T02:47:12" time="20.863" tests="3">
    <testcase classname="wait for can wait for multiple emails" name="wait for can wait for multiple emails" time="5.258">
    </testcase>
    <testcase classname="wait for matching can wait for matching emails" name="wait for matching can wait for matching emails" time="3.893">
    </testcase>
    <testcase classname="extract email content extract content" name="extract email content extract content" time="4.819">
    </testcase>
  </testsuite>
  <testsuite name="undefined" errors="0" failures="0" skipped="0" timestamp="2022-03-07T02:47:12" time="26.95" tests="7">
    <testcase classname=" can create inboxes" name=" can create inboxes" time="2.863">
    </testcase>
    <testcase classname="email verification can verify email addresses" name="email verification can verify email addresses" time="0.529">
    </testcase>
    <testcase classname="get an inbox can get a full inbox" name="get an inbox can get a full inbox" time="1.04">
    </testcase>
    <testcase classname="inbox pagination can list inboxes in paginated form" name="inbox pagination can list inboxes in paginated form" time="1.601">
    </testcase>
    <testcase classname="wait_for_latest inbox wait for" name="wait_for_latest inbox wait for" time="6.497">
    </testcase>
    <testcase classname="send email can send simple" name="send email can send simple" time="1.753">
    </testcase>
    <testcase classname="send email attachments" name="send email attachments" time="5.77">
    </testcase>
  </testsuite>
</testsuites>